
                            < M A T L A B (R) >
                  Copyright 1984-2020 The MathWorks, Inc.
              R2020a Update 3 (9.8.0.1396136) 64-bit (glnxa64)
                                May 27, 2020

 
To get started, type doc.
For product information, visit www.mathworks.com.
 
>> monthly estimation of DCC with monthly prediction case 
>> >> >> >> >> >> >> >> >> >> >> >> >> >> >> >> >> >> >> >> >> >> >> >> >> >> file_read_in_successfully 
>> >> >> >> >> >> >> >> >> >> >> >> >> >> >> >> >> >> >> >> >> >> >> >> >> >> >> >> >> >> >> >> >> >> >> >> >> >> >> >> >> >> >> >> >> >> >> >> 
____________________________________________________________
   Diagnostic Information

Number of variables: 3

Functions 
Objective:                            tarch_likelihood
Gradient:                             finite-differencing
Hessian:                              finite-differencing (or Quasi-Newton)
 

Algorithm selected
   quasi-newton


____________________________________________________________
   End diagnostic information
                                                        First-order 
 Iteration  Func-count       f(x)        Step-size       optimality
     0           4          231.279                          1.51
     1          12          231.216      0.0661237          0.937  
     2          16          231.187              1          0.102  
     3          20          231.186              1         0.0911  
     4          24          231.184              1         0.0153  
     5          28          231.184              1         0.0125  
     6          32          231.184              1         0.0272  
     7          36          231.184              1         0.0343  
     8          40          231.184              1         0.0268  
     9          44          231.184              1         0.0113  
    10          48          231.184              1         0.0021  
    11          52          231.184              1       7.58e-05  
    12          56          231.184              1        1.2e-05  

Local minimum found.

Optimization completed because the size of the gradient is less than
the value of the optimality tolerance.

>> >> >> >> >> >> >> >> >> >> >> >> >> >> >> >> >> >> >> >> 10 th period is finished! 
20 th period is finished! 
30 th period is finished! 
40 th period is finished! 
50 th period is finished! 
60 th period is finished! 
70 th period is finished! 
80 th period is finished! 
90 th period is finished! 
100 th period is finished! 
>> >> >> >> >> >> >> >> >> >> >> >> >> >> >> >> >> >> >> >> >> >> >> AV: 0.1510 
SD: 0.1389 
IR: 1.0875 
Drawdown: 0.2565 
CVAR-0.95: -0.0944 
Skewness: -1.6095 
CVaR-ratio: 1.5996 
Rachev: 0.1911 
>> >> >> >> >> >> >> >> >> >> >> >> >> >> >> >> >> >> >> >> >> >> >> >> >> >> >> >> >> R : 0.010000  0.020000  0.030000 Naive
>> >> >> >> beta= 0.900000, M= 5000.000000 : 
AV: 0.1666 (0.0015) 0.2836 (0.0043) 0.3150 (0.0059) 0.2540 (0.0029)
SD: 0.1352 (0.0011) 0.1718 (0.0013) 0.2640 (0.0048) 0.2262 (0.0008)
IR: 1.2323 (0.0159) 1.6508 (0.0326) 1.1935 (0.0247) 1.1230 (0.0139)
Drawdown: 0.2166 (0.0038) 0.2356 (0.0098) 0.2871 (0.0131) 0.2012 (0.0022)
CVAR-0.95: -0.0869 (0.0008) -0.0972 (0.0021) -0.1427 (0.0040) -0.1129 (0.0020)
Skewness: -0.7885 (0.0751) -0.3673 (0.1034) 0.0995 (0.0889) 1.2426 (0.0227)
CVaR-ratio: 1.9174 (0.0224) 2.9192 (0.0962) 2.2097 (0.0676) 2.2497 (0.0525)
Rachev: 0.2190 (0.0020) 0.3067 (0.0084) 0.2445 (0.0059) 0.2481 (0.0046)
beta= 0.950000, M= 10000.000000 : 
AV: 0.1689 (0.0034) 0.2846 (0.0050) 0.3091 (0.0069) 0.2537 (0.0043)
SD: 0.1348 (0.0009) 0.1717 (0.0012) 0.2626 (0.0025) 0.2267 (0.0009)
IR: 1.2531 (0.0289) 1.6573 (0.0292) 1.1772 (0.0247) 1.1192 (0.0199)
Drawdown: 0.2120 (0.0064) 0.2298 (0.0106) 0.2730 (0.0090) 0.2008 (0.0030)
CVAR-0.95: -0.0858 (0.0012) -0.0956 (0.0021) -0.1414 (0.0025) -0.1130 (0.0021)
Skewness: -0.7109 (0.1071) -0.3032 (0.1069) 0.0835 (0.1192) 1.2413 (0.0276)
CVaR-ratio: 1.9678 (0.0609) 2.9804 (0.1068) 2.1879 (0.0722) 2.2460 (0.0661)
Rachev: 0.2234 (0.0053) 0.3121 (0.0094) 0.2426 (0.0063) 0.2477 (0.0058)
beta= 0.990000, M= 50000.000000 : 
AV: 0.1673 (0.0020) 0.2844 (0.0031) 0.3120 (0.0041) 0.2511 (0.0040)
SD: 0.1355 (0.0008) 0.1719 (0.0026) 0.2637 (0.0023) 0.2265 (0.0007)
IR: 1.2343 (0.0171) 1.6548 (0.0286) 1.1829 (0.0143) 1.1088 (0.0188)
Drawdown: 0.2182 (0.0044) 0.2394 (0.0058) 0.2805 (0.0076) 0.2005 (0.0014)
CVAR-0.95: -0.0874 (0.0010) -0.0971 (0.0026) -0.1414 (0.0046) -0.1139 (0.0013)
Skewness: -0.8276 (0.0885) -0.3897 (0.0626) 0.0980 (0.0529) 1.2401 (0.0122)
CVaR-ratio: 1.9130 (0.0425) 2.9304 (0.0875) 2.2088 (0.0839) 2.2053 (0.0575)
Rachev: 0.2186 (0.0037) 0.3077 (0.0077) 0.2445 (0.0074) 0.2442 (0.0050)
>> >> >> 